[2025-05-05 11:06:21] local.ERROR: Target class [files] does not exist. {"exception":"[object] (Illuminate\\Contracts\\Container\\BindingResolutionException(code: 0): Target class [files] does not exist. at /home/user/gcdeliver/vendor/laravel/framework/src/Illuminate/Container/Container.php:914)
[stacktrace]
#0 /home/user/gcdeliver/vendor/laravel/framework/src/Illuminate/Container/Container.php(795): Illuminate\\Container\\Container->build('files')
#1 /home/user/gcdeliver/vendor/laravel/framework/src/Illuminate/Foundation/Application.php(986): Illuminate\\Container\\Container->resolve('files', Array, true)
#2 /home/user/gcdeliver/vendor/laravel/framework/src/Illuminate/Container/Container.php(731): Illuminate\\Foundation\\Application->resolve('files', Array)
#3 /home/user/gcdeliver/vendor/laravel/framework/src/Illuminate/Foundation/Application.php(971): Illuminate\\Container\\Container->make('files', Array)
#4 /home/user/gcdeliver/vendor/laravel/framework/src/Illuminate/Container/Container.php(1066): Illuminate\\Foundation\\Application->make('files')
#5 /home/user/gcdeliver/vendor/laravel/framework/src/Illuminate/Container/Container.php(982): Illuminate\\Container\\Container->resolveClass(Object(ReflectionParameter))
#6 /home/user/gcdeliver/vendor/laravel/framework/src/Illuminate/Container/Container.php(943): Illuminate\\Container\\Container->resolveDependencies(Array)
#7 /home/user/gcdeliver/vendor/laravel/framework/src/Illuminate/Container/Container.php(795): Illuminate\\Container\\Container->build('Maatwebsite\\\\Exc...')
#8 /home/user/gcdeliver/vendor/laravel/framework/src/Illuminate/Foundation/Application.php(986): Illuminate\\Container\\Container->resolve('Maatwebsite\\\\Exc...', Array, true)
#9 /home/user/gcdeliver/vendor/laravel/framework/src/Illuminate/Container/Container.php(731): Illuminate\\Foundation\\Application->resolve('Maatwebsite\\\\Exc...', Array)
#10 /home/user/gcdeliver/vendor/laravel/framework/src/Illuminate/Foundation/Application.php(971): Illuminate\\Container\\Container->make('Maatwebsite\\\\Exc...', Array)
#11 /home/user/gcdeliver/vendor/laravel/framework/src/Illuminate/Console/Application.php(251): Illuminate\\Foundation\\Application->make('Maatwebsite\\\\Exc...')
#12 /home/user/gcdeliver/vendor/laravel/framework/src/Illuminate/Console/Application.php(265): Illuminate\\Console\\Application->resolve('Maatwebsite\\\\Exc...')
#13 /home/user/gcdeliver/vendor/laravel/framework/src/Illuminate/Support/ServiceProvider.php(404): Illuminate\\Console\\Application->resolveCommands(Array)
#14 /home/user/gcdeliver/vendor/laravel/framework/src/Illuminate/Console/Application.php(130): Illuminate\\Support\\ServiceProvider->Illuminate\\Support\\{closure}(Object(Illuminate\\Console\\Application))
#15 /home/user/gcdeliver/vendor/laravel/framework/src/Illuminate/Console/Application.php(77): Illuminate\\Console\\Application->bootstrap()
#16 /home/user/gcdeliver/vendor/laravel/framework/src/Illuminate/Foundation/Console/Kernel.php(481): Illuminate\\Console\\Application->__construct(Object(Illuminate\\Foundation\\Application), Object(Illuminate\\Events\\Dispatcher), '10.48.29')
#17 /home/user/gcdeliver/vendor/laravel/framework/src/Illuminate/Foundation/Console/Kernel.php(201): Illuminate\\Foundation\\Console\\Kernel->getArtisan()
#18 /home/user/gcdeliver/artisan(49): Illuminate\\Foundation\\Console\\Kernel->handle(Object(Symfony\\Component\\Console\\Input\\ArgvInput), Object(Symfony\\Component\\Console\\Output\\ConsoleOutput))
#19 {main}

[previous exception] [object] (ReflectionException(code: -1): Class \"files\" does not exist at /home/user/gcdeliver/vendor/laravel/framework/src/Illuminate/Container/Container.php:912)
[stacktrace]
#0 /home/user/gcdeliver/vendor/laravel/framework/src/Illuminate/Container/Container.php(912): ReflectionClass->__construct('files')
#1 /home/user/gcdeliver/vendor/laravel/framework/src/Illuminate/Container/Container.php(795): Illuminate\\Container\\Container->build('files')
#2 /home/user/gcdeliver/vendor/laravel/framework/src/Illuminate/Foundation/Application.php(986): Illuminate\\Container\\Container->resolve('files', Array, true)
#3 /home/user/gcdeliver/vendor/laravel/framework/src/Illuminate/Container/Container.php(731): Illuminate\\Foundation\\Application->resolve('files', Array)
#4 /home/user/gcdeliver/vendor/laravel/framework/src/Illuminate/Foundation/Application.php(971): Illuminate\\Container\\Container->make('files', Array)
#5 /home/user/gcdeliver/vendor/laravel/framework/src/Illuminate/Container/Container.php(1066): Illuminate\\Foundation\\Application->make('files')
#6 /home/user/gcdeliver/vendor/laravel/framework/src/Illuminate/Container/Container.php(982): Illuminate\\Container\\Container->resolveClass(Object(ReflectionParameter))
#7 /home/user/gcdeliver/vendor/laravel/framework/src/Illuminate/Container/Container.php(943): Illuminate\\Container\\Container->resolveDependencies(Array)
#8 /home/user/gcdeliver/vendor/laravel/framework/src/Illuminate/Container/Container.php(795): Illuminate\\Container\\Container->build('Maatwebsite\\\\Exc...')
#9 /home/user/gcdeliver/vendor/laravel/framework/src/Illuminate/Foundation/Application.php(986): Illuminate\\Container\\Container->resolve('Maatwebsite\\\\Exc...', Array, true)
#10 /home/user/gcdeliver/vendor/laravel/framework/src/Illuminate/Container/Container.php(731): Illuminate\\Foundation\\Application->resolve('Maatwebsite\\\\Exc...', Array)
#11 /home/user/gcdeliver/vendor/laravel/framework/src/Illuminate/Foundation/Application.php(971): Illuminate\\Container\\Container->make('Maatwebsite\\\\Exc...', Array)
#12 /home/user/gcdeliver/vendor/laravel/framework/src/Illuminate/Console/Application.php(251): Illuminate\\Foundation\\Application->make('Maatwebsite\\\\Exc...')
#13 /home/user/gcdeliver/vendor/laravel/framework/src/Illuminate/Console/Application.php(265): Illuminate\\Console\\Application->resolve('Maatwebsite\\\\Exc...')
#14 /home/user/gcdeliver/vendor/laravel/framework/src/Illuminate/Support/ServiceProvider.php(404): Illuminate\\Console\\Application->resolveCommands(Array)
#15 /home/user/gcdeliver/vendor/laravel/framework/src/Illuminate/Console/Application.php(130): Illuminate\\Support\\ServiceProvider->Illuminate\\Support\\{closure}(Object(Illuminate\\Console\\Application))
#16 /home/user/gcdeliver/vendor/laravel/framework/src/Illuminate/Console/Application.php(77): Illuminate\\Console\\Application->bootstrap()
#17 /home/user/gcdeliver/vendor/laravel/framework/src/Illuminate/Foundation/Console/Kernel.php(481): Illuminate\\Console\\Application->__construct(Object(Illuminate\\Foundation\\Application), Object(Illuminate\\Events\\Dispatcher), '10.48.29')
#18 /home/user/gcdeliver/vendor/laravel/framework/src/Illuminate/Foundation/Console/Kernel.php(201): Illuminate\\Foundation\\Console\\Kernel->getArtisan()
#19 /home/user/gcdeliver/artisan(49): Illuminate\\Foundation\\Console\\Kernel->handle(Object(Symfony\\Component\\Console\\Input\\ArgvInput), Object(Symfony\\Component\\Console\\Output\\ConsoleOutput))
#20 {main}
"} 
[2025-05-05 11:06:28] local.ERROR: Target class [files] does not exist. {"exception":"[object] (Illuminate\\Contracts\\Container\\BindingResolutionException(code: 0): Target class [files] does not exist. at /home/user/gcdeliver/vendor/laravel/framework/src/Illuminate/Container/Container.php:914)
[stacktrace]
#0 /home/user/gcdeliver/vendor/laravel/framework/src/Illuminate/Container/Container.php(795): Illuminate\\Container\\Container->build('files')
#1 /home/user/gcdeliver/vendor/laravel/framework/src/Illuminate/Foundation/Application.php(986): Illuminate\\Container\\Container->resolve('files', Array, true)
#2 /home/user/gcdeliver/vendor/laravel/framework/src/Illuminate/Container/Container.php(731): Illuminate\\Foundation\\Application->resolve('files', Array)
#3 /home/user/gcdeliver/vendor/laravel/framework/src/Illuminate/Foundation/Application.php(971): Illuminate\\Container\\Container->make('files', Array)
#4 /home/user/gcdeliver/vendor/laravel/framework/src/Illuminate/Container/Container.php(1066): Illuminate\\Foundation\\Application->make('files')
#5 /home/user/gcdeliver/vendor/laravel/framework/src/Illuminate/Container/Container.php(982): Illuminate\\Container\\Container->resolveClass(Object(ReflectionParameter))
#6 /home/user/gcdeliver/vendor/laravel/framework/src/Illuminate/Container/Container.php(943): Illuminate\\Container\\Container->resolveDependencies(Array)
#7 /home/user/gcdeliver/vendor/laravel/framework/src/Illuminate/Container/Container.php(795): Illuminate\\Container\\Container->build('Maatwebsite\\\\Exc...')
#8 /home/user/gcdeliver/vendor/laravel/framework/src/Illuminate/Foundation/Application.php(986): Illuminate\\Container\\Container->resolve('Maatwebsite\\\\Exc...', Array, true)
#9 /home/user/gcdeliver/vendor/laravel/framework/src/Illuminate/Container/Container.php(731): Illuminate\\Foundation\\Application->resolve('Maatwebsite\\\\Exc...', Array)
#10 /home/user/gcdeliver/vendor/laravel/framework/src/Illuminate/Foundation/Application.php(971): Illuminate\\Container\\Container->make('Maatwebsite\\\\Exc...', Array)
#11 /home/user/gcdeliver/vendor/laravel/framework/src/Illuminate/Console/Application.php(251): Illuminate\\Foundation\\Application->make('Maatwebsite\\\\Exc...')
#12 /home/user/gcdeliver/vendor/laravel/framework/src/Illuminate/Console/Application.php(265): Illuminate\\Console\\Application->resolve('Maatwebsite\\\\Exc...')
#13 /home/user/gcdeliver/vendor/laravel/framework/src/Illuminate/Support/ServiceProvider.php(404): Illuminate\\Console\\Application->resolveCommands(Array)
#14 /home/user/gcdeliver/vendor/laravel/framework/src/Illuminate/Console/Application.php(130): Illuminate\\Support\\ServiceProvider->Illuminate\\Support\\{closure}(Object(Illuminate\\Console\\Application))
#15 /home/user/gcdeliver/vendor/laravel/framework/src/Illuminate/Console/Application.php(77): Illuminate\\Console\\Application->bootstrap()
#16 /home/user/gcdeliver/vendor/laravel/framework/src/Illuminate/Foundation/Console/Kernel.php(481): Illuminate\\Console\\Application->__construct(Object(Illuminate\\Foundation\\Application), Object(Illuminate\\Events\\Dispatcher), '10.48.29')
#17 /home/user/gcdeliver/vendor/laravel/framework/src/Illuminate/Foundation/Console/Kernel.php(201): Illuminate\\Foundation\\Console\\Kernel->getArtisan()
#18 /home/user/gcdeliver/artisan(49): Illuminate\\Foundation\\Console\\Kernel->handle(Object(Symfony\\Component\\Console\\Input\\ArgvInput), Object(Symfony\\Component\\Console\\Output\\ConsoleOutput))
#19 {main}

[previous exception] [object] (ReflectionException(code: -1): Class \"files\" does not exist at /home/user/gcdeliver/vendor/laravel/framework/src/Illuminate/Container/Container.php:912)
[stacktrace]
#0 /home/user/gcdeliver/vendor/laravel/framework/src/Illuminate/Container/Container.php(912): ReflectionClass->__construct('files')
#1 /home/user/gcdeliver/vendor/laravel/framework/src/Illuminate/Container/Container.php(795): Illuminate\\Container\\Container->build('files')
#2 /home/user/gcdeliver/vendor/laravel/framework/src/Illuminate/Foundation/Application.php(986): Illuminate\\Container\\Container->resolve('files', Array, true)
#3 /home/user/gcdeliver/vendor/laravel/framework/src/Illuminate/Container/Container.php(731): Illuminate\\Foundation\\Application->resolve('files', Array)
#4 /home/user/gcdeliver/vendor/laravel/framework/src/Illuminate/Foundation/Application.php(971): Illuminate\\Container\\Container->make('files', Array)
#5 /home/user/gcdeliver/vendor/laravel/framework/src/Illuminate/Container/Container.php(1066): Illuminate\\Foundation\\Application->make('files')
#6 /home/user/gcdeliver/vendor/laravel/framework/src/Illuminate/Container/Container.php(982): Illuminate\\Container\\Container->resolveClass(Object(ReflectionParameter))
#7 /home/user/gcdeliver/vendor/laravel/framework/src/Illuminate/Container/Container.php(943): Illuminate\\Container\\Container->resolveDependencies(Array)
#8 /home/user/gcdeliver/vendor/laravel/framework/src/Illuminate/Container/Container.php(795): Illuminate\\Container\\Container->build('Maatwebsite\\\\Exc...')
#9 /home/user/gcdeliver/vendor/laravel/framework/src/Illuminate/Foundation/Application.php(986): Illuminate\\Container\\Container->resolve('Maatwebsite\\\\Exc...', Array, true)
#10 /home/user/gcdeliver/vendor/laravel/framework/src/Illuminate/Container/Container.php(731): Illuminate\\Foundation\\Application->resolve('Maatwebsite\\\\Exc...', Array)
#11 /home/user/gcdeliver/vendor/laravel/framework/src/Illuminate/Foundation/Application.php(971): Illuminate\\Container\\Container->make('Maatwebsite\\\\Exc...', Array)
#12 /home/user/gcdeliver/vendor/laravel/framework/src/Illuminate/Console/Application.php(251): Illuminate\\Foundation\\Application->make('Maatwebsite\\\\Exc...')
#13 /home/user/gcdeliver/vendor/laravel/framework/src/Illuminate/Console/Application.php(265): Illuminate\\Console\\Application->resolve('Maatwebsite\\\\Exc...')
#14 /home/user/gcdeliver/vendor/laravel/framework/src/Illuminate/Support/ServiceProvider.php(404): Illuminate\\Console\\Application->resolveCommands(Array)
#15 /home/user/gcdeliver/vendor/laravel/framework/src/Illuminate/Console/Application.php(130): Illuminate\\Support\\ServiceProvider->Illuminate\\Support\\{closure}(Object(Illuminate\\Console\\Application))
#16 /home/user/gcdeliver/vendor/laravel/framework/src/Illuminate/Console/Application.php(77): Illuminate\\Console\\Application->bootstrap()
#17 /home/user/gcdeliver/vendor/laravel/framework/src/Illuminate/Foundation/Console/Kernel.php(481): Illuminate\\Console\\Application->__construct(Object(Illuminate\\Foundation\\Application), Object(Illuminate\\Events\\Dispatcher), '10.48.29')
#18 /home/user/gcdeliver/vendor/laravel/framework/src/Illuminate/Foundation/Console/Kernel.php(201): Illuminate\\Foundation\\Console\\Kernel->getArtisan()
#19 /home/user/gcdeliver/artisan(49): Illuminate\\Foundation\\Console\\Kernel->handle(Object(Symfony\\Component\\Console\\Input\\ArgvInput), Object(Symfony\\Component\\Console\\Output\\ConsoleOutput))
#20 {main}
"} 
[2025-05-05 11:07:40] local.ERROR: Target class [files] does not exist. {"exception":"[object] (Illuminate\\Contracts\\Container\\BindingResolutionException(code: 0): Target class [files] does not exist. at /home/user/gcdeliver/vendor/laravel/framework/src/Illuminate/Container/Container.php:914)
[stacktrace]
#0 /home/user/gcdeliver/vendor/laravel/framework/src/Illuminate/Container/Container.php(795): Illuminate\\Container\\Container->build('files')
#1 /home/user/gcdeliver/vendor/laravel/framework/src/Illuminate/Foundation/Application.php(986): Illuminate\\Container\\Container->resolve('files', Array, true)
#2 /home/user/gcdeliver/vendor/laravel/framework/src/Illuminate/Container/Container.php(731): Illuminate\\Foundation\\Application->resolve('files', Array)
#3 /home/user/gcdeliver/vendor/laravel/framework/src/Illuminate/Foundation/Application.php(971): Illuminate\\Container\\Container->make('files', Array)
#4 /home/user/gcdeliver/vendor/laravel/framework/src/Illuminate/Container/Container.php(1066): Illuminate\\Foundation\\Application->make('files')
#5 /home/user/gcdeliver/vendor/laravel/framework/src/Illuminate/Container/Container.php(982): Illuminate\\Container\\Container->resolveClass(Object(ReflectionParameter))
#6 /home/user/gcdeliver/vendor/laravel/framework/src/Illuminate/Container/Container.php(943): Illuminate\\Container\\Container->resolveDependencies(Array)
#7 /home/user/gcdeliver/vendor/laravel/framework/src/Illuminate/Container/Container.php(795): Illuminate\\Container\\Container->build('Maatwebsite\\\\Exc...')
#8 /home/user/gcdeliver/vendor/laravel/framework/src/Illuminate/Foundation/Application.php(986): Illuminate\\Container\\Container->resolve('Maatwebsite\\\\Exc...', Array, true)
#9 /home/user/gcdeliver/vendor/laravel/framework/src/Illuminate/Container/Container.php(731): Illuminate\\Foundation\\Application->resolve('Maatwebsite\\\\Exc...', Array)
#10 /home/user/gcdeliver/vendor/laravel/framework/src/Illuminate/Foundation/Application.php(971): Illuminate\\Container\\Container->make('Maatwebsite\\\\Exc...', Array)
#11 /home/user/gcdeliver/vendor/laravel/framework/src/Illuminate/Console/Application.php(251): Illuminate\\Foundation\\Application->make('Maatwebsite\\\\Exc...')
#12 /home/user/gcdeliver/vendor/laravel/framework/src/Illuminate/Console/Application.php(265): Illuminate\\Console\\Application->resolve('Maatwebsite\\\\Exc...')
#13 /home/user/gcdeliver/vendor/laravel/framework/src/Illuminate/Support/ServiceProvider.php(404): Illuminate\\Console\\Application->resolveCommands(Array)
#14 /home/user/gcdeliver/vendor/laravel/framework/src/Illuminate/Console/Application.php(130): Illuminate\\Support\\ServiceProvider->Illuminate\\Support\\{closure}(Object(Illuminate\\Console\\Application))
#15 /home/user/gcdeliver/vendor/laravel/framework/src/Illuminate/Console/Application.php(77): Illuminate\\Console\\Application->bootstrap()
#16 /home/user/gcdeliver/vendor/laravel/framework/src/Illuminate/Foundation/Console/Kernel.php(481): Illuminate\\Console\\Application->__construct(Object(Illuminate\\Foundation\\Application), Object(Illuminate\\Events\\Dispatcher), '10.48.29')
#17 /home/user/gcdeliver/vendor/laravel/framework/src/Illuminate/Foundation/Console/Kernel.php(201): Illuminate\\Foundation\\Console\\Kernel->getArtisan()
#18 /home/user/gcdeliver/artisan(49): Illuminate\\Foundation\\Console\\Kernel->handle(Object(Symfony\\Component\\Console\\Input\\ArgvInput), Object(Symfony\\Component\\Console\\Output\\ConsoleOutput))
#19 {main}

[previous exception] [object] (ReflectionException(code: -1): Class \"files\" does not exist at /home/user/gcdeliver/vendor/laravel/framework/src/Illuminate/Container/Container.php:912)
[stacktrace]
#0 /home/user/gcdeliver/vendor/laravel/framework/src/Illuminate/Container/Container.php(912): ReflectionClass->__construct('files')
#1 /home/user/gcdeliver/vendor/laravel/framework/src/Illuminate/Container/Container.php(795): Illuminate\\Container\\Container->build('files')
#2 /home/user/gcdeliver/vendor/laravel/framework/src/Illuminate/Foundation/Application.php(986): Illuminate\\Container\\Container->resolve('files', Array, true)
#3 /home/user/gcdeliver/vendor/laravel/framework/src/Illuminate/Container/Container.php(731): Illuminate\\Foundation\\Application->resolve('files', Array)
#4 /home/user/gcdeliver/vendor/laravel/framework/src/Illuminate/Foundation/Application.php(971): Illuminate\\Container\\Container->make('files', Array)
#5 /home/user/gcdeliver/vendor/laravel/framework/src/Illuminate/Container/Container.php(1066): Illuminate\\Foundation\\Application->make('files')
#6 /home/user/gcdeliver/vendor/laravel/framework/src/Illuminate/Container/Container.php(982): Illuminate\\Container\\Container->resolveClass(Object(ReflectionParameter))
#7 /home/user/gcdeliver/vendor/laravel/framework/src/Illuminate/Container/Container.php(943): Illuminate\\Container\\Container->resolveDependencies(Array)
#8 /home/user/gcdeliver/vendor/laravel/framework/src/Illuminate/Container/Container.php(795): Illuminate\\Container\\Container->build('Maatwebsite\\\\Exc...')
#9 /home/user/gcdeliver/vendor/laravel/framework/src/Illuminate/Foundation/Application.php(986): Illuminate\\Container\\Container->resolve('Maatwebsite\\\\Exc...', Array, true)
#10 /home/user/gcdeliver/vendor/laravel/framework/src/Illuminate/Container/Container.php(731): Illuminate\\Foundation\\Application->resolve('Maatwebsite\\\\Exc...', Array)
#11 /home/user/gcdeliver/vendor/laravel/framework/src/Illuminate/Foundation/Application.php(971): Illuminate\\Container\\Container->make('Maatwebsite\\\\Exc...', Array)
#12 /home/user/gcdeliver/vendor/laravel/framework/src/Illuminate/Console/Application.php(251): Illuminate\\Foundation\\Application->make('Maatwebsite\\\\Exc...')
#13 /home/user/gcdeliver/vendor/laravel/framework/src/Illuminate/Console/Application.php(265): Illuminate\\Console\\Application->resolve('Maatwebsite\\\\Exc...')
#14 /home/user/gcdeliver/vendor/laravel/framework/src/Illuminate/Support/ServiceProvider.php(404): Illuminate\\Console\\Application->resolveCommands(Array)
#15 /home/user/gcdeliver/vendor/laravel/framework/src/Illuminate/Console/Application.php(130): Illuminate\\Support\\ServiceProvider->Illuminate\\Support\\{closure}(Object(Illuminate\\Console\\Application))
#16 /home/user/gcdeliver/vendor/laravel/framework/src/Illuminate/Console/Application.php(77): Illuminate\\Console\\Application->bootstrap()
#17 /home/user/gcdeliver/vendor/laravel/framework/src/Illuminate/Foundation/Console/Kernel.php(481): Illuminate\\Console\\Application->__construct(Object(Illuminate\\Foundation\\Application), Object(Illuminate\\Events\\Dispatcher), '10.48.29')
#18 /home/user/gcdeliver/vendor/laravel/framework/src/Illuminate/Foundation/Console/Kernel.php(201): Illuminate\\Foundation\\Console\\Kernel->getArtisan()
#19 /home/user/gcdeliver/artisan(49): Illuminate\\Foundation\\Console\\Kernel->handle(Object(Symfony\\Component\\Console\\Input\\ArgvInput), Object(Symfony\\Component\\Console\\Output\\ConsoleOutput))
#20 {main}
"} 
[2025-05-05 11:08:36] local.ERROR: Target class [files] does not exist. {"exception":"[object] (Illuminate\\Contracts\\Container\\BindingResolutionException(code: 0): Target class [files] does not exist. at /home/user/gcdeliver/vendor/laravel/framework/src/Illuminate/Container/Container.php:914)
[stacktrace]
#0 /home/user/gcdeliver/vendor/laravel/framework/src/Illuminate/Container/Container.php(795): Illuminate\\Container\\Container->build('files')
#1 /home/user/gcdeliver/vendor/laravel/framework/src/Illuminate/Foundation/Application.php(986): Illuminate\\Container\\Container->resolve('files', Array, true)
#2 /home/user/gcdeliver/vendor/laravel/framework/src/Illuminate/Container/Container.php(731): Illuminate\\Foundation\\Application->resolve('files', Array)
#3 /home/user/gcdeliver/vendor/laravel/framework/src/Illuminate/Foundation/Application.php(971): Illuminate\\Container\\Container->make('files', Array)
#4 /home/user/gcdeliver/vendor/laravel/framework/src/Illuminate/Container/Container.php(1066): Illuminate\\Foundation\\Application->make('files')
#5 /home/user/gcdeliver/vendor/laravel/framework/src/Illuminate/Container/Container.php(982): Illuminate\\Container\\Container->resolveClass(Object(ReflectionParameter))
#6 /home/user/gcdeliver/vendor/laravel/framework/src/Illuminate/Container/Container.php(943): Illuminate\\Container\\Container->resolveDependencies(Array)
#7 /home/user/gcdeliver/vendor/laravel/framework/src/Illuminate/Container/Container.php(795): Illuminate\\Container\\Container->build('Maatwebsite\\\\Exc...')
#8 /home/user/gcdeliver/vendor/laravel/framework/src/Illuminate/Foundation/Application.php(986): Illuminate\\Container\\Container->resolve('Maatwebsite\\\\Exc...', Array, true)
#9 /home/user/gcdeliver/vendor/laravel/framework/src/Illuminate/Container/Container.php(731): Illuminate\\Foundation\\Application->resolve('Maatwebsite\\\\Exc...', Array)
#10 /home/user/gcdeliver/vendor/laravel/framework/src/Illuminate/Foundation/Application.php(971): Illuminate\\Container\\Container->make('Maatwebsite\\\\Exc...', Array)
#11 /home/user/gcdeliver/vendor/laravel/framework/src/Illuminate/Console/Application.php(251): Illuminate\\Foundation\\Application->make('Maatwebsite\\\\Exc...')
#12 /home/user/gcdeliver/vendor/laravel/framework/src/Illuminate/Console/Application.php(265): Illuminate\\Console\\Application->resolve('Maatwebsite\\\\Exc...')
#13 /home/user/gcdeliver/vendor/laravel/framework/src/Illuminate/Support/ServiceProvider.php(404): Illuminate\\Console\\Application->resolveCommands(Array)
#14 /home/user/gcdeliver/vendor/laravel/framework/src/Illuminate/Console/Application.php(130): Illuminate\\Support\\ServiceProvider->Illuminate\\Support\\{closure}(Object(Illuminate\\Console\\Application))
#15 /home/user/gcdeliver/vendor/laravel/framework/src/Illuminate/Console/Application.php(77): Illuminate\\Console\\Application->bootstrap()
#16 /home/user/gcdeliver/vendor/laravel/framework/src/Illuminate/Foundation/Console/Kernel.php(481): Illuminate\\Console\\Application->__construct(Object(Illuminate\\Foundation\\Application), Object(Illuminate\\Events\\Dispatcher), '10.48.29')
#17 /home/user/gcdeliver/vendor/laravel/framework/src/Illuminate/Foundation/Console/Kernel.php(201): Illuminate\\Foundation\\Console\\Kernel->getArtisan()
#18 /home/user/gcdeliver/artisan(49): Illuminate\\Foundation\\Console\\Kernel->handle(Object(Symfony\\Component\\Console\\Input\\ArgvInput), Object(Symfony\\Component\\Console\\Output\\ConsoleOutput))
#19 {main}

[previous exception] [object] (ReflectionException(code: -1): Class \"files\" does not exist at /home/user/gcdeliver/vendor/laravel/framework/src/Illuminate/Container/Container.php:912)
[stacktrace]
#0 /home/user/gcdeliver/vendor/laravel/framework/src/Illuminate/Container/Container.php(912): ReflectionClass->__construct('files')
#1 /home/user/gcdeliver/vendor/laravel/framework/src/Illuminate/Container/Container.php(795): Illuminate\\Container\\Container->build('files')
#2 /home/user/gcdeliver/vendor/laravel/framework/src/Illuminate/Foundation/Application.php(986): Illuminate\\Container\\Container->resolve('files', Array, true)
#3 /home/user/gcdeliver/vendor/laravel/framework/src/Illuminate/Container/Container.php(731): Illuminate\\Foundation\\Application->resolve('files', Array)
#4 /home/user/gcdeliver/vendor/laravel/framework/src/Illuminate/Foundation/Application.php(971): Illuminate\\Container\\Container->make('files', Array)
#5 /home/user/gcdeliver/vendor/laravel/framework/src/Illuminate/Container/Container.php(1066): Illuminate\\Foundation\\Application->make('files')
#6 /home/user/gcdeliver/vendor/laravel/framework/src/Illuminate/Container/Container.php(982): Illuminate\\Container\\Container->resolveClass(Object(ReflectionParameter))
#7 /home/user/gcdeliver/vendor/laravel/framework/src/Illuminate/Container/Container.php(943): Illuminate\\Container\\Container->resolveDependencies(Array)
#8 /home/user/gcdeliver/vendor/laravel/framework/src/Illuminate/Container/Container.php(795): Illuminate\\Container\\Container->build('Maatwebsite\\\\Exc...')
#9 /home/user/gcdeliver/vendor/laravel/framework/src/Illuminate/Foundation/Application.php(986): Illuminate\\Container\\Container->resolve('Maatwebsite\\\\Exc...', Array, true)
#10 /home/user/gcdeliver/vendor/laravel/framework/src/Illuminate/Container/Container.php(731): Illuminate\\Foundation\\Application->resolve('Maatwebsite\\\\Exc...', Array)
#11 /home/user/gcdeliver/vendor/laravel/framework/src/Illuminate/Foundation/Application.php(971): Illuminate\\Container\\Container->make('Maatwebsite\\\\Exc...', Array)
#12 /home/user/gcdeliver/vendor/laravel/framework/src/Illuminate/Console/Application.php(251): Illuminate\\Foundation\\Application->make('Maatwebsite\\\\Exc...')
#13 /home/user/gcdeliver/vendor/laravel/framework/src/Illuminate/Console/Application.php(265): Illuminate\\Console\\Application->resolve('Maatwebsite\\\\Exc...')
#14 /home/user/gcdeliver/vendor/laravel/framework/src/Illuminate/Support/ServiceProvider.php(404): Illuminate\\Console\\Application->resolveCommands(Array)
#15 /home/user/gcdeliver/vendor/laravel/framework/src/Illuminate/Console/Application.php(130): Illuminate\\Support\\ServiceProvider->Illuminate\\Support\\{closure}(Object(Illuminate\\Console\\Application))
#16 /home/user/gcdeliver/vendor/laravel/framework/src/Illuminate/Console/Application.php(77): Illuminate\\Console\\Application->bootstrap()
#17 /home/user/gcdeliver/vendor/laravel/framework/src/Illuminate/Foundation/Console/Kernel.php(481): Illuminate\\Console\\Application->__construct(Object(Illuminate\\Foundation\\Application), Object(Illuminate\\Events\\Dispatcher), '10.48.29')
#18 /home/user/gcdeliver/vendor/laravel/framework/src/Illuminate/Foundation/Console/Kernel.php(201): Illuminate\\Foundation\\Console\\Kernel->getArtisan()
#19 /home/user/gcdeliver/artisan(49): Illuminate\\Foundation\\Console\\Kernel->handle(Object(Symfony\\Component\\Console\\Input\\ArgvInput), Object(Symfony\\Component\\Console\\Output\\ConsoleOutput))
#20 {main}
"} 
[2025-05-05 11:09:32] local.ERROR: Target class [files] does not exist. {"exception":"[object] (Illuminate\\Contracts\\Container\\BindingResolutionException(code: 0): Target class [files] does not exist. at /home/user/gcdeliver/vendor/laravel/framework/src/Illuminate/Container/Container.php:914)
[stacktrace]
#0 /home/user/gcdeliver/vendor/laravel/framework/src/Illuminate/Container/Container.php(795): Illuminate\\Container\\Container->build('files')
#1 /home/user/gcdeliver/vendor/laravel/framework/src/Illuminate/Foundation/Application.php(986): Illuminate\\Container\\Container->resolve('files', Array, true)
#2 /home/user/gcdeliver/vendor/laravel/framework/src/Illuminate/Container/Container.php(731): Illuminate\\Foundation\\Application->resolve('files', Array)
#3 /home/user/gcdeliver/vendor/laravel/framework/src/Illuminate/Foundation/Application.php(971): Illuminate\\Container\\Container->make('files', Array)
#4 /home/user/gcdeliver/vendor/laravel/framework/src/Illuminate/Container/Container.php(1066): Illuminate\\Foundation\\Application->make('files')
#5 /home/user/gcdeliver/vendor/laravel/framework/src/Illuminate/Container/Container.php(982): Illuminate\\Container\\Container->resolveClass(Object(ReflectionParameter))
#6 /home/user/gcdeliver/vendor/laravel/framework/src/Illuminate/Container/Container.php(943): Illuminate\\Container\\Container->resolveDependencies(Array)
#7 /home/user/gcdeliver/vendor/laravel/framework/src/Illuminate/Container/Container.php(795): Illuminate\\Container\\Container->build('Maatwebsite\\\\Exc...')
#8 /home/user/gcdeliver/vendor/laravel/framework/src/Illuminate/Foundation/Application.php(986): Illuminate\\Container\\Container->resolve('Maatwebsite\\\\Exc...', Array, true)
#9 /home/user/gcdeliver/vendor/laravel/framework/src/Illuminate/Container/Container.php(731): Illuminate\\Foundation\\Application->resolve('Maatwebsite\\\\Exc...', Array)
#10 /home/user/gcdeliver/vendor/laravel/framework/src/Illuminate/Foundation/Application.php(971): Illuminate\\Container\\Container->make('Maatwebsite\\\\Exc...', Array)
#11 /home/user/gcdeliver/vendor/laravel/framework/src/Illuminate/Console/Application.php(251): Illuminate\\Foundation\\Application->make('Maatwebsite\\\\Exc...')
#12 /home/user/gcdeliver/vendor/laravel/framework/src/Illuminate/Console/Application.php(265): Illuminate\\Console\\Application->resolve('Maatwebsite\\\\Exc...')
#13 /home/user/gcdeliver/vendor/laravel/framework/src/Illuminate/Support/ServiceProvider.php(404): Illuminate\\Console\\Application->resolveCommands(Array)
#14 /home/user/gcdeliver/vendor/laravel/framework/src/Illuminate/Console/Application.php(130): Illuminate\\Support\\ServiceProvider->Illuminate\\Support\\{closure}(Object(Illuminate\\Console\\Application))
#15 /home/user/gcdeliver/vendor/laravel/framework/src/Illuminate/Console/Application.php(77): Illuminate\\Console\\Application->bootstrap()
#16 /home/user/gcdeliver/vendor/laravel/framework/src/Illuminate/Foundation/Console/Kernel.php(481): Illuminate\\Console\\Application->__construct(Object(Illuminate\\Foundation\\Application), Object(Illuminate\\Events\\Dispatcher), '10.48.29')
#17 /home/user/gcdeliver/vendor/laravel/framework/src/Illuminate/Foundation/Console/Kernel.php(201): Illuminate\\Foundation\\Console\\Kernel->getArtisan()
#18 /home/user/gcdeliver/artisan(49): Illuminate\\Foundation\\Console\\Kernel->handle(Object(Symfony\\Component\\Console\\Input\\ArgvInput), Object(Symfony\\Component\\Console\\Output\\ConsoleOutput))
#19 {main}

[previous exception] [object] (ReflectionException(code: -1): Class \"files\" does not exist at /home/user/gcdeliver/vendor/laravel/framework/src/Illuminate/Container/Container.php:912)
[stacktrace]
#0 /home/user/gcdeliver/vendor/laravel/framework/src/Illuminate/Container/Container.php(912): ReflectionClass->__construct('files')
#1 /home/user/gcdeliver/vendor/laravel/framework/src/Illuminate/Container/Container.php(795): Illuminate\\Container\\Container->build('files')
#2 /home/user/gcdeliver/vendor/laravel/framework/src/Illuminate/Foundation/Application.php(986): Illuminate\\Container\\Container->resolve('files', Array, true)
#3 /home/user/gcdeliver/vendor/laravel/framework/src/Illuminate/Container/Container.php(731): Illuminate\\Foundation\\Application->resolve('files', Array)
#4 /home/user/gcdeliver/vendor/laravel/framework/src/Illuminate/Foundation/Application.php(971): Illuminate\\Container\\Container->make('files', Array)
#5 /home/user/gcdeliver/vendor/laravel/framework/src/Illuminate/Container/Container.php(1066): Illuminate\\Foundation\\Application->make('files')
#6 /home/user/gcdeliver/vendor/laravel/framework/src/Illuminate/Container/Container.php(982): Illuminate\\Container\\Container->resolveClass(Object(ReflectionParameter))
#7 /home/user/gcdeliver/vendor/laravel/framework/src/Illuminate/Container/Container.php(943): Illuminate\\Container\\Container->resolveDependencies(Array)
#8 /home/user/gcdeliver/vendor/laravel/framework/src/Illuminate/Container/Container.php(795): Illuminate\\Container\\Container->build('Maatwebsite\\\\Exc...')
#9 /home/user/gcdeliver/vendor/laravel/framework/src/Illuminate/Foundation/Application.php(986): Illuminate\\Container\\Container->resolve('Maatwebsite\\\\Exc...', Array, true)
#10 /home/user/gcdeliver/vendor/laravel/framework/src/Illuminate/Container/Container.php(731): Illuminate\\Foundation\\Application->resolve('Maatwebsite\\\\Exc...', Array)
#11 /home/user/gcdeliver/vendor/laravel/framework/src/Illuminate/Foundation/Application.php(971): Illuminate\\Container\\Container->make('Maatwebsite\\\\Exc...', Array)
#12 /home/user/gcdeliver/vendor/laravel/framework/src/Illuminate/Console/Application.php(251): Illuminate\\Foundation\\Application->make('Maatwebsite\\\\Exc...')
#13 /home/user/gcdeliver/vendor/laravel/framework/src/Illuminate/Console/Application.php(265): Illuminate\\Console\\Application->resolve('Maatwebsite\\\\Exc...')
#14 /home/user/gcdeliver/vendor/laravel/framework/src/Illuminate/Support/ServiceProvider.php(404): Illuminate\\Console\\Application->resolveCommands(Array)
#15 /home/user/gcdeliver/vendor/laravel/framework/src/Illuminate/Console/Application.php(130): Illuminate\\Support\\ServiceProvider->Illuminate\\Support\\{closure}(Object(Illuminate\\Console\\Application))
#16 /home/user/gcdeliver/vendor/laravel/framework/src/Illuminate/Console/Application.php(77): Illuminate\\Console\\Application->bootstrap()
#17 /home/user/gcdeliver/vendor/laravel/framework/src/Illuminate/Foundation/Console/Kernel.php(481): Illuminate\\Console\\Application->__construct(Object(Illuminate\\Foundation\\Application), Object(Illuminate\\Events\\Dispatcher), '10.48.29')
#18 /home/user/gcdeliver/vendor/laravel/framework/src/Illuminate/Foundation/Console/Kernel.php(201): Illuminate\\Foundation\\Console\\Kernel->getArtisan()
#19 /home/user/gcdeliver/artisan(49): Illuminate\\Foundation\\Console\\Kernel->handle(Object(Symfony\\Component\\Console\\Input\\ArgvInput), Object(Symfony\\Component\\Console\\Output\\ConsoleOutput))
#20 {main}
"} 
[2025-05-05 11:11:11] local.ERROR: Target class [files] does not exist. {"exception":"[object] (Illuminate\\Contracts\\Container\\BindingResolutionException(code: 0): Target class [files] does not exist. at /home/user/gcdeliver/vendor/laravel/framework/src/Illuminate/Container/Container.php:914)
[stacktrace]
#0 /home/user/gcdeliver/vendor/laravel/framework/src/Illuminate/Container/Container.php(795): Illuminate\\Container\\Container->build('files')
#1 /home/user/gcdeliver/vendor/laravel/framework/src/Illuminate/Foundation/Application.php(986): Illuminate\\Container\\Container->resolve('files', Array, true)
#2 /home/user/gcdeliver/vendor/laravel/framework/src/Illuminate/Container/Container.php(731): Illuminate\\Foundation\\Application->resolve('files', Array)
#3 /home/user/gcdeliver/vendor/laravel/framework/src/Illuminate/Foundation/Application.php(971): Illuminate\\Container\\Container->make('files', Array)
#4 /home/user/gcdeliver/vendor/laravel/framework/src/Illuminate/Container/Container.php(1066): Illuminate\\Foundation\\Application->make('files')
#5 /home/user/gcdeliver/vendor/laravel/framework/src/Illuminate/Container/Container.php(982): Illuminate\\Container\\Container->resolveClass(Object(ReflectionParameter))
#6 /home/user/gcdeliver/vendor/laravel/framework/src/Illuminate/Container/Container.php(943): Illuminate\\Container\\Container->resolveDependencies(Array)
#7 /home/user/gcdeliver/vendor/laravel/framework/src/Illuminate/Container/Container.php(795): Illuminate\\Container\\Container->build('Maatwebsite\\\\Exc...')
#8 /home/user/gcdeliver/vendor/laravel/framework/src/Illuminate/Foundation/Application.php(986): Illuminate\\Container\\Container->resolve('Maatwebsite\\\\Exc...', Array, true)
#9 /home/user/gcdeliver/vendor/laravel/framework/src/Illuminate/Container/Container.php(731): Illuminate\\Foundation\\Application->resolve('Maatwebsite\\\\Exc...', Array)
#10 /home/user/gcdeliver/vendor/laravel/framework/src/Illuminate/Foundation/Application.php(971): Illuminate\\Container\\Container->make('Maatwebsite\\\\Exc...', Array)
#11 /home/user/gcdeliver/vendor/laravel/framework/src/Illuminate/Console/Application.php(251): Illuminate\\Foundation\\Application->make('Maatwebsite\\\\Exc...')
#12 /home/user/gcdeliver/vendor/laravel/framework/src/Illuminate/Console/Application.php(265): Illuminate\\Console\\Application->resolve('Maatwebsite\\\\Exc...')
#13 /home/user/gcdeliver/vendor/laravel/framework/src/Illuminate/Support/ServiceProvider.php(404): Illuminate\\Console\\Application->resolveCommands(Array)
#14 /home/user/gcdeliver/vendor/laravel/framework/src/Illuminate/Console/Application.php(130): Illuminate\\Support\\ServiceProvider->Illuminate\\Support\\{closure}(Object(Illuminate\\Console\\Application))
#15 /home/user/gcdeliver/vendor/laravel/framework/src/Illuminate/Console/Application.php(77): Illuminate\\Console\\Application->bootstrap()
#16 /home/user/gcdeliver/vendor/laravel/framework/src/Illuminate/Foundation/Console/Kernel.php(481): Illuminate\\Console\\Application->__construct(Object(Illuminate\\Foundation\\Application), Object(Illuminate\\Events\\Dispatcher), '10.48.29')
#17 /home/user/gcdeliver/vendor/laravel/framework/src/Illuminate/Foundation/Console/Kernel.php(201): Illuminate\\Foundation\\Console\\Kernel->getArtisan()
#18 /home/user/gcdeliver/artisan(49): Illuminate\\Foundation\\Console\\Kernel->handle(Object(Symfony\\Component\\Console\\Input\\ArgvInput), Object(Symfony\\Component\\Console\\Output\\ConsoleOutput))
#19 {main}

[previous exception] [object] (ReflectionException(code: -1): Class \"files\" does not exist at /home/user/gcdeliver/vendor/laravel/framework/src/Illuminate/Container/Container.php:912)
[stacktrace]
#0 /home/user/gcdeliver/vendor/laravel/framework/src/Illuminate/Container/Container.php(912): ReflectionClass->__construct('files')
#1 /home/user/gcdeliver/vendor/laravel/framework/src/Illuminate/Container/Container.php(795): Illuminate\\Container\\Container->build('files')
#2 /home/user/gcdeliver/vendor/laravel/framework/src/Illuminate/Foundation/Application.php(986): Illuminate\\Container\\Container->resolve('files', Array, true)
#3 /home/user/gcdeliver/vendor/laravel/framework/src/Illuminate/Container/Container.php(731): Illuminate\\Foundation\\Application->resolve('files', Array)
#4 /home/user/gcdeliver/vendor/laravel/framework/src/Illuminate/Foundation/Application.php(971): Illuminate\\Container\\Container->make('files', Array)
#5 /home/user/gcdeliver/vendor/laravel/framework/src/Illuminate/Container/Container.php(1066): Illuminate\\Foundation\\Application->make('files')
#6 /home/user/gcdeliver/vendor/laravel/framework/src/Illuminate/Container/Container.php(982): Illuminate\\Container\\Container->resolveClass(Object(ReflectionParameter))
#7 /home/user/gcdeliver/vendor/laravel/framework/src/Illuminate/Container/Container.php(943): Illuminate\\Container\\Container->resolveDependencies(Array)
#8 /home/user/gcdeliver/vendor/laravel/framework/src/Illuminate/Container/Container.php(795): Illuminate\\Container\\Container->build('Maatwebsite\\\\Exc...')
#9 /home/user/gcdeliver/vendor/laravel/framework/src/Illuminate/Foundation/Application.php(986): Illuminate\\Container\\Container->resolve('Maatwebsite\\\\Exc...', Array, true)
#10 /home/user/gcdeliver/vendor/laravel/framework/src/Illuminate/Container/Container.php(731): Illuminate\\Foundation\\Application->resolve('Maatwebsite\\\\Exc...', Array)
#11 /home/user/gcdeliver/vendor/laravel/framework/src/Illuminate/Foundation/Application.php(971): Illuminate\\Container\\Container->make('Maatwebsite\\\\Exc...', Array)
#12 /home/user/gcdeliver/vendor/laravel/framework/src/Illuminate/Console/Application.php(251): Illuminate\\Foundation\\Application->make('Maatwebsite\\\\Exc...')
#13 /home/user/gcdeliver/vendor/laravel/framework/src/Illuminate/Console/Application.php(265): Illuminate\\Console\\Application->resolve('Maatwebsite\\\\Exc...')
#14 /home/user/gcdeliver/vendor/laravel/framework/src/Illuminate/Support/ServiceProvider.php(404): Illuminate\\Console\\Application->resolveCommands(Array)
#15 /home/user/gcdeliver/vendor/laravel/framework/src/Illuminate/Console/Application.php(130): Illuminate\\Support\\ServiceProvider->Illuminate\\Support\\{closure}(Object(Illuminate\\Console\\Application))
#16 /home/user/gcdeliver/vendor/laravel/framework/src/Illuminate/Console/Application.php(77): Illuminate\\Console\\Application->bootstrap()
#17 /home/user/gcdeliver/vendor/laravel/framework/src/Illuminate/Foundation/Console/Kernel.php(481): Illuminate\\Console\\Application->__construct(Object(Illuminate\\Foundation\\Application), Object(Illuminate\\Events\\Dispatcher), '10.48.29')
#18 /home/user/gcdeliver/vendor/laravel/framework/src/Illuminate/Foundation/Console/Kernel.php(201): Illuminate\\Foundation\\Console\\Kernel->getArtisan()
#19 /home/user/gcdeliver/artisan(49): Illuminate\\Foundation\\Console\\Kernel->handle(Object(Symfony\\Component\\Console\\Input\\ArgvInput), Object(Symfony\\Component\\Console\\Output\\ConsoleOutput))
#20 {main}
"} 
